<?xml version="1.0" encoding="UTF-8"?>
<!-- Generated by org.testng.reporters.JUnitReportReporter -->
<testsuite hostname="LAPTOP-VFF7T92M" failures="0" tests="1" name="testPackage.ActitimeInvalidLogin" time="20.926" errors="0" timestamp="2023-02-18T07:36:16 IST" skipped="0">
  <testcase classname="testPackage.ActitimeInvalidLogin" name="invalidLoginToActiTime" time="20.926"/>
  <system-out>
    <![CDATA[Test has been started]]>
  </system-out>
</testsuite> <!-- testPackage.ActitimeInvalidLogin -->
