<?xml version="1.0" encoding="UTF-8"?>
<!-- Generated by org.testng.reporters.JUnitReportReporter -->
<testsuite hostname="LAPTOP-VFF7T92M" failures="0" tests="1" name="testPackage.ActitimeTestValidLogin" time="4.144" errors="0" timestamp="2023-02-18T07:35:06 IST" skipped="0">
  <testcase classname="testPackage.ActitimeTestValidLogin" name="validTest" time="4.144"/>
  <system-out>
    <![CDATA[Test has been started]]>
  </system-out>
</testsuite> <!-- testPackage.ActitimeTestValidLogin -->
